# Logfile created on 2014-02-15 20:26:01 -0800 by logger.rb/44203
I, [2014-02-15T20:26:01.077387 #27167]  INFO -- : 0:  rack (1.5.2) from /home/johnj/.rvm/gems/ruby-2.1.0/specifications/rack-1.5.2.gemspec
I, [2014-02-15T20:26:01.077758 #27167]  INFO -- : 0:  rulers (0.0.1) from /home/johnj/.rvm/gems/ruby-2.1.0/specifications/rulers-0.0.1.gemspec
I, [2014-02-15T20:26:01.078085 #27167]  INFO -- : 0:  bundler (1.5.0) from /home/johnj/.rvm/gems/ruby-2.1.0@global/specifications/bundler-1.5.0.gemspec
I, [2014-02-16T17:20:41.132525 #19604]  INFO -- : 0:  rack (1.5.2) from /home/johnj/.rvm/gems/ruby-2.1.0/specifications/rack-1.5.2.gemspec
I, [2014-02-16T17:20:41.132951 #19604]  INFO -- : 0:  rack-test (0.6.2) from /home/johnj/.rvm/gems/ruby-2.1.0/specifications/rack-test-0.6.2.gemspec
I, [2014-02-16T17:20:41.133400 #19604]  INFO -- : 0:  rulers (0.0.2) from /home/johnj/.rvm/gems/ruby-2.1.0/specifications/rulers-0.0.2.gemspec
I, [2014-02-16T17:20:41.133744 #19604]  INFO -- : 0:  bundler (1.5.0) from /home/johnj/.rvm/gems/ruby-2.1.0@global/specifications/bundler-1.5.0.gemspec
I, [2014-02-23T17:37:44.930117 #20877]  INFO -- : 0:  rack (1.5.2) from /home/johnj/.rvm/gems/ruby-2.1.0/specifications/rack-1.5.2.gemspec
I, [2014-02-23T17:37:44.930648 #20877]  INFO -- : 0:  rack-test (0.6.2) from /home/johnj/.rvm/gems/ruby-2.1.0/specifications/rack-test-0.6.2.gemspec
I, [2014-02-23T17:37:44.970759 #20877]  INFO -- : 0:  rulers (0.0.2) from /home/johnj/rails_projects/CodeFellows/rulers/rulers.gemspec
I, [2014-02-23T17:37:44.971201 #20877]  INFO -- : 0:  bundler (1.5.0) from /home/johnj/.rvm/gems/ruby-2.1.0@global/specifications/bundler-1.5.0.gemspec
I, [2014-02-23T18:23:08.321154 #21838]  INFO -- : 0:  rack (1.5.2) from /home/johnj/.rvm/gems/ruby-2.1.0/specifications/rack-1.5.2.gemspec
I, [2014-02-23T18:23:08.321660 #21838]  INFO -- : 0:  rack-test (0.6.2) from /home/johnj/.rvm/gems/ruby-2.1.0/specifications/rack-test-0.6.2.gemspec
I, [2014-02-23T18:23:08.365769 #21838]  INFO -- : 0:  rulers (0.0.2) from /home/johnj/rails_projects/CodeFellows/rulers/rulers.gemspec
I, [2014-02-23T18:23:08.366185 #21838]  INFO -- : 0:  bundler (1.5.0) from /home/johnj/.rvm/gems/ruby-2.1.0@global/specifications/bundler-1.5.0.gemspec
I, [2014-02-23T20:12:54.377061 #22592]  INFO -- : 0:  rack (1.5.2) from /home/johnj/.rvm/gems/ruby-2.1.0/specifications/rack-1.5.2.gemspec
I, [2014-02-23T20:12:54.377584 #22592]  INFO -- : 0:  rack-test (0.6.2) from /home/johnj/.rvm/gems/ruby-2.1.0/specifications/rack-test-0.6.2.gemspec
I, [2014-02-23T20:12:54.421999 #22592]  INFO -- : 0:  rulers (0.0.2) from /home/johnj/rails_projects/CodeFellows/rulers/rulers.gemspec
I, [2014-02-23T20:12:54.422410 #22592]  INFO -- : 0:  bundler (1.5.0) from /home/johnj/.rvm/gems/ruby-2.1.0@global/specifications/bundler-1.5.0.gemspec
I, [2014-02-24T11:11:39.296764 #28733]  INFO -- : 0:  rack (1.5.2) from /home/johnj/.rvm/gems/ruby-2.1.0/specifications/rack-1.5.2.gemspec
I, [2014-02-24T11:11:39.297279 #28733]  INFO -- : 0:  rack-test (0.6.2) from /home/johnj/.rvm/gems/ruby-2.1.0/specifications/rack-test-0.6.2.gemspec
I, [2014-02-24T11:11:39.341631 #28733]  INFO -- : 0:  rulers (0.0.2) from /home/johnj/rails_projects/CodeFellows/rebuilding_rails/rulers/rulers.gemspec
I, [2014-02-24T11:11:39.342051 #28733]  INFO -- : 0:  bundler (1.5.0) from /home/johnj/.rvm/gems/ruby-2.1.0@global/specifications/bundler-1.5.0.gemspec
